#
# A fatal error has been detected by the Java Runtime Environment:
#
#  EXCEPTION_ACCESS_VIOLATION (0xc0000005) at pc=0x0000000180034005, pid=5948, tid=0x0000000000000ec0
#
# JRE version: Java(TM) SE Runtime Environment (8.0_121-b13) (build 1.8.0_121-b13)
# Java VM: Java HotSpot(TM) 64-Bit Server VM (25.121-b13 mixed mode windows-amd64 compressed oops)
# Problematic frame:
# C  [SafeIPs64.dll+0x34005]
#
# Failed to write core dump. Minidumps are not enabled by default on client versions of Windows
#
# If you would like to submit a bug report, please visit:
#   http://bugreport.java.com/bugreport/crash.jsp
# The crash happened outside the Java Virtual Machine in native code.
# See problematic frame for where to report the bug.
#

---------------  T H R E A D  ---------------

Current thread (0x0000000000a80800):  JavaThread "main" [_thread_in_native, id=3776, stack(0x0000000000970000,0x0000000000a70000)]

siginfo: ExceptionCode=0xc0000005, writing address 0x000000000000007e

Registers:
RAX=0x0000000000000000, RBX=0x0000000000569540, RCX=0x0000000000569540, RDX=0x00000000188964b0
RSP=0x0000000000a6e600, RBP=0x0000000000000000, RSI=0x0000000000000000, RDI=0x00000000158573f0
R8 =0x000000018007e1e8, R9 =0x0000000000000000, R10=0x0000000000000000, R11=0x0000000000a6e5a8
R12=0x0000000000000001, R13=0x0000000017d08990, R14=0x0000000000a6e808, R15=0x0000000000000002
RIP=0x0000000180034005, EFLAGS=0x0000000000010246

Top of Stack: (sp=0x0000000000a6e600)
0x0000000000a6e600:   ff00000000158573 0000000017d08980
0x0000000000a6e610:   0000000000a6e808 00000000158573f0
0x0000000000a6e620:   0000000000a809f8 0000000180034e92
0x0000000000a6e630:   000000018007e120 0000000000569540
0x0000000000a6e640:   00000000188964b0 0000000018897690
0x0000000000a6e650:   fffffffffffffffe 0000000000000000
0x0000000000a6e660:   0000000000a80800 00000000158573f0
0x0000000000a6e670:   0000000000000000 0000000180034de2
0x0000000000a6e680:   0000000000569540 0000000000569540
0x0000000000a6e690:   0000000000000000 0000000061a98d94
0x0000000000a6e6a0:   0000000000a809f8 00000000158573f0
0x0000000000a6e6b0:   0000000017d0e5d0 0000000017d0e2d0
0x0000000000a6e6c0:   0000000000a809f8 00000000619740a6
0x0000000000a6e6d0:   0000000000569540 0000000000a809f8
0x0000000000a6e6e0:   0000000017d0e2d0 0000000017d0e5d0
0x0000000000a6e6f0:   0000000000000001 0000000000569540 

Instructions: (pc=0x0000000180034005)
0x0000000180033fe5:   ff 25 00 00 00 00 5b 40 7e 8f fd 7f 00 00 53 48
0x0000000180033ff5:   83 ec 20 48 8b d9 48 89 7c 24 ff 25 00 00 00 00
0x0000000180034005:   11 40 7e 8f fd 7f 00 00 01 89 04 24 8b 44 24 04
0x0000000180034015:   0f af 04 24 83 c0 02 89 04 24 8b 44 24 04 0f af 


Register to memory mapping:

RAX=0x0000000000000000 is an unknown value
RBX=0x0000000000569540 is an unknown value
RCX=0x0000000000569540 is an unknown value
RDX=0x00000000188964b0 is an unknown value
RSP=0x0000000000a6e600 is pointing into the stack for thread: 0x0000000000a80800
RBP=0x0000000000000000 is an unknown value
RSI=0x0000000000000000 is an unknown value
RDI=0x00000000158573f0 is an unknown value
R8 =0x000000018007e1e8 is an unknown value
R9 =0x0000000000000000 is an unknown value
R10=0x0000000000000000 is an unknown value
R11=0x0000000000a6e5a8 is pointing into the stack for thread: 0x0000000000a80800
R12=0x0000000000000001 is an unknown value
R13=0x0000000017d08990 is an unknown value
R14=0x0000000000a6e808 is pointing into the stack for thread: 0x0000000000a80800
R15=0x0000000000000002 is an unknown value


Stack: [0x0000000000970000,0x0000000000a70000],  sp=0x0000000000a6e600,  free space=1017k
Native frames: (J=compiled Java code, j=interpreted, Vv=VM code, C=native code)

Java frames: (J=compiled Java code, j=interpreted, Vv=VM code)
j  java.net.Inet6AddressImpl.lookupAllHostAddr(Ljava/lang/String;)[Ljava/net/InetAddress;+0
j  java.net.InetAddress$2.lookupAllHostAddr(Ljava/lang/String;)[Ljava/net/InetAddress;+4
j  java.net.InetAddress.getAddressesFromNameService(Ljava/lang/String;Ljava/net/InetAddress;)[Ljava/net/InetAddress;+51
j  java.net.InetAddress.getAllByName0(Ljava/lang/String;Ljava/net/InetAddress;Z)[Ljava/net/InetAddress;+29
j  java.net.InetAddress.getAllByName(Ljava/lang/String;Ljava/net/InetAddress;)[Ljava/net/InetAddress;+383
j  java.net.InetAddress.getAllByName(Ljava/lang/String;)[Ljava/net/InetAddress;+2
j  com.microsoft.sqlserver.jdbc.SocketFinder.findSocket(Ljava/lang/String;IIZZZI)Ljava/net/Socket;+34
j  com.microsoft.sqlserver.jdbc.TDSChannel.open(Ljava/lang/String;IIZZZI)V+72
j  com.microsoft.sqlserver.jdbc.SQLServerConnection.connectHelper(Lcom/microsoft/sqlserver/jdbc/ServerPortPlaceHolder;IIZZZI)V+146
j  com.microsoft.sqlserver.jdbc.SQLServerConnection.login(Ljava/lang/String;Ljava/lang/String;ILjava/lang/String;Lcom/microsoft/sqlserver/jdbc/FailoverInfo;IJ)V+524
j  com.microsoft.sqlserver.jdbc.SQLServerConnection.connectInternal(Ljava/util/Properties;Lcom/microsoft/sqlserver/jdbc/SQLServerPooledConnection;)Ljava/sql/Connection;+3431
j  com.microsoft.sqlserver.jdbc.SQLServerConnection.connect(Ljava/util/Properties;Lcom/microsoft/sqlserver/jdbc/SQLServerPooledConnection;)Ljava/sql/Connection;+13
j  com.microsoft.sqlserver.jdbc.SQLServerDriver.connect(Ljava/lang/String;Ljava/util/Properties;)Ljava/sql/Connection;+45
j  java.sql.DriverManager.getConnection(Ljava/lang/String;Ljava/util/Properties;Ljava/lang/Class;)Ljava/sql/Connection;+171
j  java.sql.DriverManager.getConnection(Ljava/lang/String;)Ljava/sql/Connection;+13
j  giaodien.getdata.Connect()Ljava/sql/Connection;+160
j  form.grade.getdatabase()V+8
j  form.grade.component()V+1
j  form.grade.<init>()V+138
j  form.grade.main([Ljava/lang/String;)V+4
v  ~StubRoutines::call_stub

---------------  P R O C E S S  ---------------

Java Threads: ( => current thread )
  0x000000001744d800 JavaThread "AWT-Windows" daemon [_thread_in_native, id=8644, stack(0x0000000017ba0000,0x0000000017ca0000)]
  0x000000001744a000 JavaThread "Java2D Disposer" daemon [_thread_blocked, id=5184, stack(0x00000000178a0000,0x00000000179a0000)]
  0x00000000158ed000 JavaThread "Service Thread" daemon [_thread_blocked, id=768, stack(0x00000000175c0000,0x00000000176c0000)]
  0x00000000158bb800 JavaThread "C1 CompilerThread2" daemon [_thread_blocked, id=8292, stack(0x00000000174c0000,0x00000000175c0000)]
  0x000000001588f800 JavaThread "C2 CompilerThread1" daemon [_thread_blocked, id=1264, stack(0x0000000016fc0000,0x00000000170c0000)]
  0x000000001588d000 JavaThread "C2 CompilerThread0" daemon [_thread_blocked, id=10400, stack(0x0000000016ec0000,0x0000000016fc0000)]
  0x000000001588b800 JavaThread "Attach Listener" daemon [_thread_blocked, id=4084, stack(0x0000000016dc0000,0x0000000016ec0000)]
  0x000000001588a800 JavaThread "Signal Dispatcher" daemon [_thread_blocked, id=4940, stack(0x0000000016cc0000,0x0000000016dc0000)]
  0x0000000000b7a000 JavaThread "Finalizer" daemon [_thread_blocked, id=6448, stack(0x0000000016ae0000,0x0000000016be0000)]
  0x0000000000b6f000 JavaThread "Reference Handler" daemon [_thread_blocked, id=12548, stack(0x00000000169e0000,0x0000000016ae0000)]
=>0x0000000000a80800 JavaThread "main" [_thread_in_native, id=3776, stack(0x0000000000970000,0x0000000000a70000)]

Other Threads:
  0x0000000015856800 VMThread [stack: 0x00000000168e0000,0x00000000169e0000] [id=6356]
  0x00000000170eb800 WatcherThread [stack: 0x00000000176c0000,0x00000000177c0000] [id=4652]

VM state:not at safepoint (normal execution)

VM Mutex/Monitor currently owned by a thread: None

Heap:
 PSYoungGen      total 28672K, used 10003K [0x00000000e0980000, 0x00000000e2980000, 0x0000000100000000)
  eden space 24576K, 40% used [0x00000000e0980000,0x00000000e1344c30,0x00000000e2180000)
  from space 4096K, 0% used [0x00000000e2580000,0x00000000e2580000,0x00000000e2980000)
  to   space 4096K, 0% used [0x00000000e2180000,0x00000000e2180000,0x00000000e2580000)
 ParOldGen       total 65536K, used 0K [0x00000000a1c00000, 0x00000000a5c00000, 0x00000000e0980000)
  object space 65536K, 0% used [0x00000000a1c00000,0x00000000a1c00000,0x00000000a5c00000)
 Metaspace       used 9860K, capacity 10100K, committed 10240K, reserved 1058816K
  class space    used 1106K, capacity 1192K, committed 1280K, reserved 1048576K

Card table byte_map: [0x00000000114d0000,0x00000000117d0000] byte_map_base: 0x0000000010fc2000

Marking Bits: (ParMarkBitMap*) 0x000000006232b6d0
 Begin Bits: [0x0000000011cd0000, 0x0000000013460000)
 End Bits:   [0x0000000013460000, 0x0000000014bf0000)

Polling page: 0x00000000001f0000

CodeCache: size=245760Kb used=2257Kb max_used=2262Kb free=243502Kb
 bounds [0x0000000002110000, 0x0000000002380000, 0x0000000011110000]
 total_blobs=918 nmethods=534 adapters=297
 compilation: enabled

Compilation events (10 events):
Event: 2.439 Thread 0x00000000158bb800  529       3       java.lang.reflect.Modifier::isPublic (12 bytes)
Event: 2.439 Thread 0x00000000158bb800 nmethod 529 0x0000000002340110 code [0x0000000002340260, 0x00000000023403f0]
Event: 2.441 Thread 0x00000000158bb800  530       3       sun.security.provider.DigestBase::implCompressMultiBlock (23 bytes)
Event: 2.441 Thread 0x00000000158bb800 nmethod 530 0x000000000233fbd0 code [0x000000000233fd40, 0x0000000002340028]
Event: 2.450 Thread 0x00000000158bb800  531       3       java.lang.ClassLoader::loadClass (7 bytes)
Event: 2.450 Thread 0x00000000158bb800 nmethod 531 0x000000000233f710 code [0x000000000233f880, 0x000000000233faa8]
Event: 2.458 Thread 0x000000001588f800  532       4       java.lang.String::replace (127 bytes)
Event: 2.473 Thread 0x000000001588f800 nmethod 532 0x0000000002345990 code [0x0000000002345ae0, 0x0000000002345f78]
Event: 2.491 Thread 0x00000000158bb800  534       3       sun.misc.Launcher$AppClassLoader::loadClass (85 bytes)
Event: 2.492 Thread 0x00000000158bb800 nmethod 534 0x0000000002343b90 code [0x0000000002343dc0, 0x0000000002344ae8]

GC Heap History (0 events):
No events

Deoptimization events (0 events):
No events

Internal exceptions (10 events):
Event: 0.073 Thread 0x0000000000a80800 Exception <a 'java/lang/NoSuchMethodError': Method sun.misc.Unsafe.prefetchRead(Ljava/lang/Object;J)V name or signature does not match> (0x00000000e0987f90) thrown at [C:\re\workspace\8-2-build-windows-amd64-cygwin\jdk8u121\8372\hotspot\src\share\vm\prims
Event: 0.288 Thread 0x0000000000a80800 Exception <a 'java/security/PrivilegedActionException'> (0x00000000e0aacad8) thrown at [C:\re\workspace\8-2-build-windows-amd64-cygwin\jdk8u121\8372\hotspot\src\share\vm\prims\jvm.cpp, line 1390]
Event: 0.288 Thread 0x0000000000a80800 Exception <a 'java/security/PrivilegedActionException'> (0x00000000e0aacce8) thrown at [C:\re\workspace\8-2-build-windows-amd64-cygwin\jdk8u121\8372\hotspot\src\share\vm\prims\jvm.cpp, line 1390]
Event: 0.292 Thread 0x0000000000a80800 Exception <a 'java/security/PrivilegedActionException'> (0x00000000e0ab0bf8) thrown at [C:\re\workspace\8-2-build-windows-amd64-cygwin\jdk8u121\8372\hotspot\src\share\vm\prims\jvm.cpp, line 1390]
Event: 0.292 Thread 0x0000000000a80800 Exception <a 'java/security/PrivilegedActionException'> (0x00000000e0ab0e08) thrown at [C:\re\workspace\8-2-build-windows-amd64-cygwin\jdk8u121\8372\hotspot\src\share\vm\prims\jvm.cpp, line 1390]
Event: 0.305 Thread 0x0000000000a80800 Exception <a 'java/io/FileNotFoundException'> (0x00000000e0ab32c8) thrown at [C:\re\workspace\8-2-build-windows-amd64-cygwin\jdk8u121\8372\hotspot\src\share\vm\prims\jni.cpp, line 709]
Event: 0.442 Thread 0x0000000000a80800 Exception <a 'java/lang/NoSuchFieldError': method resolution failed> (0x00000000e0b81720) thrown at [C:\re\workspace\8-2-build-windows-amd64-cygwin\jdk8u121\8372\hotspot\src\share\vm\prims\methodHandles.cpp, line 1146]
Event: 0.454 Thread 0x0000000000a80800 Exception <a 'java/lang/NoSuchFieldError': method resolution failed> (0x00000000e0b8eaf0) thrown at [C:\re\workspace\8-2-build-windows-amd64-cygwin\jdk8u121\8372\hotspot\src\share\vm\prims\methodHandles.cpp, line 1146]
Event: 0.553 Thread 0x0000000000a80800 Exception <a 'java/io/FileNotFoundException'> (0x00000000e0c232e8) thrown at [C:\re\workspace\8-2-build-windows-amd64-cygwin\jdk8u121\8372\hotspot\src\share\vm\prims\jni.cpp, line 709]
Event: 0.837 Thread 0x0000000000a80800 Exception <a 'java/lang/NoSuchMethodError': <clinit>> (0x00000000e0d55b80) thrown at [C:\re\workspace\8-2-build-windows-amd64-cygwin\jdk8u121\8372\hotspot\src\share\vm\prims\jni.cpp, line 1613]

Events (10 events):
Event: 2.533 loading class java/util/LinkedHashMap$LinkedKeyIterator
Event: 2.533 loading class java/util/LinkedHashMap$LinkedKeyIterator done
Event: 2.533 loading class java/util/LinkedList$ListItr
Event: 2.533 loading class java/util/LinkedList$ListItr done
Event: 2.533 loading class java/net/InetAddress$CacheEntry
Event: 2.533 loading class java/net/InetAddress$CacheEntry done
Event: 2.534 loading class java/net/Inet6Address
Event: 2.534 loading class java/net/Inet6Address done
Event: 2.534 loading class java/net/Inet6Address$Inet6AddressHolder
Event: 2.534 loading class java/net/Inet6Address$Inet6AddressHolder done


Dynamic libraries:
0x00007ff6343d0000 - 0x00007ff634407000 	C:\Program Files\Java\jdk1.8.0_121\bin\java.exe
0x00007ffd8fa70000 - 0x00007ffd8fc31000 	C:\Windows\SYSTEM32\ntdll.dll
0x00007ffd8f6f0000 - 0x00007ffd8f79d000 	C:\Windows\system32\KERNEL32.DLL
0x00007ffd674b0000 - 0x00007ffd674e3000 	C:\Program Files\AVAST Software\Avast\x64\aswhooka.dll
0x00007ffd8cc30000 - 0x00007ffd8ce18000 	C:\Windows\system32\KERNELBASE.dll
0x00007ffd8d060000 - 0x00007ffd8d107000 	C:\Windows\system32\ADVAPI32.dll
0x00007ffd8ce70000 - 0x00007ffd8cf0d000 	C:\Windows\system32\msvcrt.dll
0x00007ffd8e830000 - 0x00007ffd8e88b000 	C:\Windows\system32\sechost.dll
0x00007ffd8f1a0000 - 0x00007ffd8f2bc000 	C:\Windows\system32\RPCRT4.dll
0x00007ffd8d170000 - 0x00007ffd8d2c6000 	C:\Windows\system32\USER32.dll
0x00007ffd8ec50000 - 0x00007ffd8edd6000 	C:\Windows\system32\GDI32.dll
0x00007ffd796a0000 - 0x00007ffd79914000 	C:\Windows\WinSxS\amd64_microsoft.windows.common-controls_6595b64144ccf1df_6.0.10586.0_none_8c15ae12515e1c22\COMCTL32.dll
0x00007ffd8eeb0000 - 0x00007ffd8f12d000 	C:\Windows\system32\combase.dll
0x00007ffd8c120000 - 0x00007ffd8c18a000 	C:\Windows\system32\bcryptPrimitives.dll
0x00007ffd8cf10000 - 0x00007ffd8cf4b000 	C:\Windows\system32\IMM32.DLL
0x0000000061a30000 - 0x0000000061b02000 	C:\Program Files\Java\jdk1.8.0_121\jre\bin\msvcr100.dll
0x0000000061b10000 - 0x00000000623ab000 	C:\Program Files\Java\jdk1.8.0_121\jre\bin\server\jvm.dll
0x00007ffd8f7c0000 - 0x00007ffd8f7c8000 	C:\Windows\system32\PSAPI.DLL
0x00007ffd81660000 - 0x00007ffd81669000 	C:\Windows\SYSTEM32\WSOCK32.dll
0x00007ffd8f7d0000 - 0x00007ffd8f83b000 	C:\Windows\system32\WS2_32.dll
0x00007ffd8a180000 - 0x00007ffd8a1a3000 	C:\Windows\SYSTEM32\WINMM.dll
0x00007ffd83050000 - 0x00007ffd8305a000 	C:\Windows\SYSTEM32\VERSION.dll
0x00007ffd8a020000 - 0x00007ffd8a04c000 	C:\Windows\SYSTEM32\WINMMBASE.dll
0x00007ffd8ce20000 - 0x00007ffd8ce63000 	C:\Windows\system32\cfgmgr32.dll
0x00000000619e0000 - 0x00000000619ef000 	C:\Program Files\Java\jdk1.8.0_121\jre\bin\verify.dll
0x00000000619b0000 - 0x00000000619d9000 	C:\Program Files\Java\jdk1.8.0_121\jre\bin\java.dll
0x0000000061990000 - 0x00000000619a6000 	C:\Program Files\Java\jdk1.8.0_121\jre\bin\zip.dll
0x00007ffd8d2d0000 - 0x00007ffd8e82f000 	C:\Windows\system32\SHELL32.dll
0x00007ffd8c360000 - 0x00007ffd8c9a4000 	C:\Windows\system32\windows.storage.dll
0x00007ffd8f140000 - 0x00007ffd8f192000 	C:\Windows\system32\shlwapi.dll
0x00007ffd8c110000 - 0x00007ffd8c11f000 	C:\Windows\system32\kernel.appcore.dll
0x00007ffd8cb70000 - 0x00007ffd8cc25000 	C:\Windows\system32\shcore.dll
0x00007ffd8c090000 - 0x00007ffd8c0db000 	C:\Windows\system32\powrprof.dll
0x00007ffd8c0e0000 - 0x00007ffd8c0f4000 	C:\Windows\system32\profapi.dll
0x00000000610f0000 - 0x0000000061288000 	C:\Program Files\Java\jdk1.8.0_121\jre\bin\awt.dll
0x00007ffd8ede0000 - 0x00007ffd8eea1000 	C:\Windows\system32\OLEAUT32.dll
0x00007ffd8a650000 - 0x00007ffd8a6c9000 	C:\Windows\system32\apphelp.dll
0x00007ffd8a320000 - 0x00007ffd8a342000 	C:\Windows\system32\DWMAPI.DLL
0x00007ffd8a5b0000 - 0x00007ffd8a646000 	C:\Windows\system32\uxtheme.dll
0x00007ffd739c0000 - 0x00007ffd73ae9000 	C:\Windows\system32\opengl32.dll
0x00007ffd7a9b0000 - 0x00007ffd7a9de000 	C:\Windows\SYSTEM32\GLU32.dll
0x00007ffd72f40000 - 0x00007ffd7303a000 	C:\Windows\SYSTEM32\DDRAW.dll
0x00007ffd8a140000 - 0x00007ffd8a148000 	C:\Windows\SYSTEM32\DCIMAN32.dll
0x00007ffd8eaf0000 - 0x00007ffd8ec4a000 	C:\Windows\system32\MSCTF.dll
0x00007ffd8e940000 - 0x00007ffd8ea83000 	C:\Windows\system32\ole32.dll
0x0000000061970000 - 0x000000006198a000 	C:\Program Files\Java\jdk1.8.0_121\jre\bin\net.dll
0x0000000180000000 - 0x000000018008a000 	C:\Windows\system32\SafeIPs64.dll
0x00007ffd8b960000 - 0x00007ffd8b9bc000 	C:\Windows\SYSTEM32\MSWSOCK.dll
0x00007ffd87640000 - 0x00007ffd87678000 	C:\Windows\SYSTEM32\IPHLPAPI.DLL
0x00007ffd8bd10000 - 0x00007ffd8bd3d000 	C:\Windows\SYSTEM32\SspiCli.dll
0x00007ffd8e890000 - 0x00007ffd8e937000 	C:\Windows\system32\clbcatq.dll
0x00007ffd8bec0000 - 0x00007ffd8bf59000 	C:\Windows\SYSTEM32\sxs.dll
0x00007ffd8a7e0000 - 0x00007ffd8a88a000 	C:\Windows\SYSTEM32\DNSAPI.dll
0x00007ffd8f130000 - 0x00007ffd8f138000 	C:\Windows\system32\NSI.dll
0x00007ffd84930000 - 0x00007ffd8493a000 	C:\Windows\System32\rasadhlp.dll
0x00007ffd84cb0000 - 0x00007ffd84d17000 	C:\Windows\System32\fwpuclnt.dll
0x00007ffd8bfc0000 - 0x00007ffd8bfe9000 	C:\Windows\SYSTEM32\bcrypt.dll
0x00007ffd88c10000 - 0x00007ffd88d9c000 	C:\Windows\SYSTEM32\dbghelp.dll

VM Arguments:
jvm_args: -Dfile.encoding=UTF-8 
java_command: form.grade
java_class_path (initial): C:\Users\Administrator\Downloads\jcalendar-1.4.jar;C:\Users\Administrator\Downloads\jtds-1.3.1.jar;C:\Users\Administrator\Downloads\Compressed\sqljdbc_6.0\enu\jre8\sqljdbc42.jar;C:\Users\Administrator\Downloads\Documents\Java 3\Lab\AssignmentGD1_PS05194\build\classes
Launcher Type: SUN_STANDARD

Environment Variables:
PATH=C:\ProgramData\Oracle\Java\javapath;C:\Windows\system32;C:\Windows;C:\Windows\System32\Wbem;C:\Windows\System32\WindowsPowerShell\v1.0\;C:\Program Files\Microsoft SQL Server\110\Tools\Binn\;C:\Program Files (x86)\Microsoft SQL Server\110\Tools\Binn\;C:\Program Files\Microsoft SQL Server\110\DTS\Binn\;C:\Program Files (x86)\Microsoft SQL Server\110\Tools\Binn\ManagementStudio\;C:\Program Files (x86)\Microsoft Visual Studio 10.0\Common7\IDE\PrivateAssemblies\;C:\Program Files (x86)\Microsoft SQL Server\110\DTS\Binn\
USERNAME=Administrator
OS=Windows_NT
PROCESSOR_IDENTIFIER=Intel64 Family 6 Model 58 Stepping 9, GenuineIntel



---------------  S Y S T E M  ---------------

OS: Windows 10.0 , 64 bit Build 10586 (10.0.10586.0)

CPU:total 4 (2 cores per cpu, 2 threads per core) family 6 model 58 stepping 9, cmov, cx8, fxsr, mmx, sse, sse2, sse3, ssse3, sse4.1, sse4.2, popcnt, avx, aes, clmul, erms, ht, tsc, tscinvbit, tscinv

Memory: 4k page, physical 6174164k(2626476k free), swap 7157204k(3049988k free)

vm_info: Java HotSpot(TM) 64-Bit Server VM (25.121-b13) for windows-amd64 JRE (1.8.0_121-b13), built on Dec 12 2016 18:21:36 by "java_re" with MS VC++ 10.0 (VS2010)

time: Mon Apr 10 19:49:29 2017
elapsed time: 2 seconds (0d 0h 0m 2s)

